2023-12-20 00:12:468 INFO  HomePage :55 - EnterJob TitleTesterto job title field [[ChromeDriver: chrome on windows (7a78351d0cc485a06bb334ed8ed01d7f)] -> xpath: //input[@id='keywords']]
2023-12-20 00:12:835 INFO  HomePage :60 - Enter locationHarrowto location field [[ChromeDriver: chrome on windows (7a78351d0cc485a06bb334ed8ed01d7f)] -> xpath: //input[@id='location']]
2023-12-20 00:12:945 INFO  HomePage :65 - Select Distance up to 5 milesfrom distance field [[ChromeDriver: chrome on windows (7a78351d0cc485a06bb334ed8ed01d7f)] -> xpath: //select[@id='distance']]
2023-12-20 00:12:25 INFO  HomePage :70 - Click on search option link[[ChromeDriver: chrome on windows (7a78351d0cc485a06bb334ed8ed01d7f)] -> xpath: //button[@id='toggle-hp-search']]
2023-12-20 00:12:191 INFO  HomePage :75 - Enter min salary 30000to salary field [[ChromeDriver: chrome on windows (7a78351d0cc485a06bb334ed8ed01d7f)] -> xpath: //input[@id='salarymin']]
2023-12-20 00:12:378 INFO  HomePage :80 - Enter Max salary500000to salary field [[ChromeDriver: chrome on windows (7a78351d0cc485a06bb334ed8ed01d7f)] -> xpath: //input[@id='salarymax']]
2023-12-20 00:12:478 INFO  HomePage :85 - Select salary typePer annumfrom dropdown [[ChromeDriver: chrome on windows (7a78351d0cc485a06bb334ed8ed01d7f)] -> xpath: //select[@id='salarytype']]
2023-12-20 00:12:624 INFO  HomePage :90 - Select job type Permanentfrom dropdown [[ChromeDriver: chrome on windows (7a78351d0cc485a06bb334ed8ed01d7f)] -> xpath: //select[@id='tempperm']]
2023-12-20 00:12:684 INFO  HomePage :95 - Click on find jobs button [[ChromeDriver: chrome on windows (7a78351d0cc485a06bb334ed8ed01d7f)] -> xpath: //input[@id='hp-search-btn']]
2023-12-20 00:12:860 INFO  HomePage :55 - EnterJob TitleTesterto job title field [[ChromeDriver: chrome on windows (91e7798807a4f7f70d746cd0f91ad94a)] -> xpath: //input[@id='keywords']]
2023-12-20 00:12:122 INFO  HomePage :60 - Enter locationHarrowto location field [[ChromeDriver: chrome on windows (91e7798807a4f7f70d746cd0f91ad94a)] -> xpath: //input[@id='location']]
2023-12-20 00:12:313 INFO  HomePage :65 - Select Distance up to 5 milesfrom distance field [[ChromeDriver: chrome on windows (91e7798807a4f7f70d746cd0f91ad94a)] -> xpath: //select[@id='distance']]
2023-12-20 00:12:387 INFO  HomePage :70 - Click on search option link[[ChromeDriver: chrome on windows (91e7798807a4f7f70d746cd0f91ad94a)] -> xpath: //button[@id='toggle-hp-search']]
2023-12-20 00:12:501 INFO  HomePage :75 - Enter min salary 30000to salary field [[ChromeDriver: chrome on windows (91e7798807a4f7f70d746cd0f91ad94a)] -> xpath: //input[@id='salarymin']]
2023-12-20 00:12:679 INFO  HomePage :80 - Enter Max salary500000to salary field [[ChromeDriver: chrome on windows (91e7798807a4f7f70d746cd0f91ad94a)] -> xpath: //input[@id='salarymax']]
2023-12-20 00:12:788 INFO  HomePage :85 - Select salary typePer annumfrom dropdown [[ChromeDriver: chrome on windows (91e7798807a4f7f70d746cd0f91ad94a)] -> xpath: //select[@id='salarytype']]
2023-12-20 00:12:944 INFO  HomePage :90 - Select job type Permanentfrom dropdown [[ChromeDriver: chrome on windows (91e7798807a4f7f70d746cd0f91ad94a)] -> xpath: //select[@id='tempperm']]
2023-12-20 00:12:10 INFO  HomePage :95 - Click on find jobs button [[ChromeDriver: chrome on windows (91e7798807a4f7f70d746cd0f91ad94a)] -> xpath: //input[@id='hp-search-btn']]
2023-12-20 00:12:310 INFO  HomePage :55 - EnterJob TitleTesterto job title field [[ChromeDriver: chrome on windows (a3ad831cc3ea924d1fbd999c14a61f0d)] -> xpath: //input[@id='keywords']]
2023-12-20 00:12:665 INFO  HomePage :60 - Enter locationHarrowto location field [[ChromeDriver: chrome on windows (a3ad831cc3ea924d1fbd999c14a61f0d)] -> xpath: //input[@id='location']]
2023-12-20 00:12:789 INFO  HomePage :65 - Select Distance up to 5 milesfrom distance field [[ChromeDriver: chrome on windows (a3ad831cc3ea924d1fbd999c14a61f0d)] -> xpath: //select[@id='distance']]
2023-12-20 00:12:872 INFO  HomePage :70 - Click on search option link[[ChromeDriver: chrome on windows (a3ad831cc3ea924d1fbd999c14a61f0d)] -> xpath: //button[@id='toggle-hp-search']]
2023-12-20 00:12:18 INFO  HomePage :75 - Enter min salary 30000to salary field [[ChromeDriver: chrome on windows (a3ad831cc3ea924d1fbd999c14a61f0d)] -> xpath: //input[@id='salarymin']]
2023-12-20 00:12:230 INFO  HomePage :80 - Enter Max salary500000to salary field [[ChromeDriver: chrome on windows (a3ad831cc3ea924d1fbd999c14a61f0d)] -> xpath: //input[@id='salarymax']]
2023-12-20 00:12:338 INFO  HomePage :85 - Select salary typePer annumfrom dropdown [[ChromeDriver: chrome on windows (a3ad831cc3ea924d1fbd999c14a61f0d)] -> xpath: //select[@id='salarytype']]
2023-12-20 00:12:479 INFO  HomePage :90 - Select job type Permanentfrom dropdown [[ChromeDriver: chrome on windows (a3ad831cc3ea924d1fbd999c14a61f0d)] -> xpath: //select[@id='tempperm']]
2023-12-20 00:12:562 INFO  HomePage :95 - Click on find jobs button [[ChromeDriver: chrome on windows (a3ad831cc3ea924d1fbd999c14a61f0d)] -> xpath: //input[@id='hp-search-btn']]
2023-12-20 06:12:670 INFO  HomePage :55 - EnterJob TitleTesterto job title field [[ChromeDriver: chrome on windows (f34a02793c4fa9afa475d9f8456be5d9)] -> xpath: //input[@id='keywords']]
2023-12-20 06:12:119 INFO  HomePage :60 - Enter locationHarrowto location field [[ChromeDriver: chrome on windows (f34a02793c4fa9afa475d9f8456be5d9)] -> xpath: //input[@id='location']]
2023-12-20 06:12:231 INFO  HomePage :65 - Select Distance up to 5 milesfrom distance field [[ChromeDriver: chrome on windows (f34a02793c4fa9afa475d9f8456be5d9)] -> xpath: //select[@id='distance']]
2023-12-20 06:12:317 INFO  HomePage :70 - Click on search option link[[ChromeDriver: chrome on windows (f34a02793c4fa9afa475d9f8456be5d9)] -> xpath: //button[@id='toggle-hp-search']]
2023-12-20 06:12:526 INFO  HomePage :75 - Enter min salary 30000to salary field [[ChromeDriver: chrome on windows (f34a02793c4fa9afa475d9f8456be5d9)] -> xpath: //input[@id='salarymin']]
2023-12-20 06:12:705 INFO  HomePage :80 - Enter Max salary500000to salary field [[ChromeDriver: chrome on windows (f34a02793c4fa9afa475d9f8456be5d9)] -> xpath: //input[@id='salarymax']]
2023-12-20 06:12:817 INFO  HomePage :85 - Select salary typePer annumfrom dropdown [[ChromeDriver: chrome on windows (f34a02793c4fa9afa475d9f8456be5d9)] -> xpath: //select[@id='salarytype']]
2023-12-20 06:12:988 INFO  HomePage :90 - Select job type Permanentfrom dropdown [[ChromeDriver: chrome on windows (f34a02793c4fa9afa475d9f8456be5d9)] -> xpath: //select[@id='tempperm']]
2023-12-20 06:12:85 INFO  HomePage :95 - Click on find jobs button [[ChromeDriver: chrome on windows (f34a02793c4fa9afa475d9f8456be5d9)] -> xpath: //input[@id='hp-search-btn']]
2023-12-20 06:12:627 INFO  HomePage :55 - EnterJob TitleTesterto job title field [[ChromeDriver: chrome on windows (ba3548e81a6cbf44b491ef90c2756c41)] -> xpath: //input[@id='keywords']]
2023-12-20 06:12:96 INFO  HomePage :60 - Enter locationHarrowto location field [[ChromeDriver: chrome on windows (ba3548e81a6cbf44b491ef90c2756c41)] -> xpath: //input[@id='location']]
2023-12-20 06:12:210 INFO  HomePage :65 - Select Distance up to 5 milesfrom distance field [[ChromeDriver: chrome on windows (ba3548e81a6cbf44b491ef90c2756c41)] -> xpath: //select[@id='distance']]
2023-12-20 06:12:309 INFO  HomePage :70 - Click on search option link[[ChromeDriver: chrome on windows (ba3548e81a6cbf44b491ef90c2756c41)] -> xpath: //button[@id='toggle-hp-search']]
2023-12-20 06:12:450 INFO  HomePage :75 - Enter min salary 30000to salary field [[ChromeDriver: chrome on windows (ba3548e81a6cbf44b491ef90c2756c41)] -> xpath: //input[@id='salarymin']]
2023-12-20 06:12:635 INFO  HomePage :80 - Enter Max salary500000to salary field [[ChromeDriver: chrome on windows (ba3548e81a6cbf44b491ef90c2756c41)] -> xpath: //input[@id='salarymax']]
2023-12-20 06:12:774 INFO  HomePage :85 - Select salary typePer annumfrom dropdown [[ChromeDriver: chrome on windows (ba3548e81a6cbf44b491ef90c2756c41)] -> xpath: //select[@id='salarytype']]
2023-12-20 06:12:47 INFO  HomePage :90 - Select job type Permanentfrom dropdown [[ChromeDriver: chrome on windows (ba3548e81a6cbf44b491ef90c2756c41)] -> xpath: //select[@id='tempperm']]
2023-12-20 06:12:185 INFO  HomePage :95 - Click on find jobs button [[ChromeDriver: chrome on windows (ba3548e81a6cbf44b491ef90c2756c41)] -> xpath: //input[@id='hp-search-btn']]
2023-12-20 06:12:526 INFO  HomePage :55 - EnterJob TitleTesterto job title field [[ChromeDriver: chrome on windows (39a34b281eaef7e16f06eab2e6a76366)] -> xpath: //input[@id='keywords']]
2023-12-20 06:12:946 INFO  HomePage :60 - Enter locationHarrowto location field [[ChromeDriver: chrome on windows (39a34b281eaef7e16f06eab2e6a76366)] -> xpath: //input[@id='location']]
2023-12-20 06:12:57 INFO  HomePage :65 - Select Distance up to 5 milesfrom distance field [[ChromeDriver: chrome on windows (39a34b281eaef7e16f06eab2e6a76366)] -> xpath: //select[@id='distance']]
2023-12-20 06:12:149 INFO  HomePage :70 - Click on search option link[[ChromeDriver: chrome on windows (39a34b281eaef7e16f06eab2e6a76366)] -> xpath: //button[@id='toggle-hp-search']]
2023-12-20 06:12:284 INFO  HomePage :75 - Enter min salary 30000to salary field [[ChromeDriver: chrome on windows (39a34b281eaef7e16f06eab2e6a76366)] -> xpath: //input[@id='salarymin']]
2023-12-20 06:12:515 INFO  HomePage :80 - Enter Max salary500000to salary field [[ChromeDriver: chrome on windows (39a34b281eaef7e16f06eab2e6a76366)] -> xpath: //input[@id='salarymax']]
2023-12-20 06:12:622 INFO  HomePage :85 - Select salary typePer annumfrom dropdown [[ChromeDriver: chrome on windows (39a34b281eaef7e16f06eab2e6a76366)] -> xpath: //select[@id='salarytype']]
2023-12-20 06:12:783 INFO  HomePage :90 - Select job type Permanentfrom dropdown [[ChromeDriver: chrome on windows (39a34b281eaef7e16f06eab2e6a76366)] -> xpath: //select[@id='tempperm']]
2023-12-20 06:12:868 INFO  HomePage :95 - Click on find jobs button [[ChromeDriver: chrome on windows (39a34b281eaef7e16f06eab2e6a76366)] -> xpath: //input[@id='hp-search-btn']]
2023-12-20 06:12:315 INFO  HomePage :55 - EnterJob TitleTesterto job title field [[ChromeDriver: chrome on windows (242b32313ca0fe7f32a3e0b4bc8c723f)] -> xpath: //input[@id='keywords']]
2023-12-20 06:12:828 INFO  HomePage :60 - Enter locationHarrowto location field [[ChromeDriver: chrome on windows (242b32313ca0fe7f32a3e0b4bc8c723f)] -> xpath: //input[@id='location']]
2023-12-20 06:12:943 INFO  HomePage :65 - Select Distance up to 5 milesfrom distance field [[ChromeDriver: chrome on windows (242b32313ca0fe7f32a3e0b4bc8c723f)] -> xpath: //select[@id='distance']]
2023-12-20 06:12:26 INFO  HomePage :70 - Click on search option link[[ChromeDriver: chrome on windows (242b32313ca0fe7f32a3e0b4bc8c723f)] -> xpath: //button[@id='toggle-hp-search']]
2023-12-20 06:12:189 INFO  HomePage :75 - Enter min salary 30000to salary field [[ChromeDriver: chrome on windows (242b32313ca0fe7f32a3e0b4bc8c723f)] -> xpath: //input[@id='salarymin']]
2023-12-20 06:12:362 INFO  HomePage :80 - Enter Max salary500000to salary field [[ChromeDriver: chrome on windows (242b32313ca0fe7f32a3e0b4bc8c723f)] -> xpath: //input[@id='salarymax']]
2023-12-20 06:12:498 INFO  HomePage :85 - Select salary typePer annumfrom dropdown [[ChromeDriver: chrome on windows (242b32313ca0fe7f32a3e0b4bc8c723f)] -> xpath: //select[@id='salarytype']]
2023-12-20 06:12:687 INFO  HomePage :90 - Select job type Permanentfrom dropdown [[ChromeDriver: chrome on windows (242b32313ca0fe7f32a3e0b4bc8c723f)] -> xpath: //select[@id='tempperm']]
2023-12-20 06:12:793 INFO  HomePage :95 - Click on find jobs button [[ChromeDriver: chrome on windows (242b32313ca0fe7f32a3e0b4bc8c723f)] -> xpath: //input[@id='hp-search-btn']]
2023-12-20 06:12:686 INFO  HomePage :55 - EnterJob TitleTesterto job title field [[ChromeDriver: chrome on windows (f48ba109aca43478baea7b68c2d0f34c)] -> xpath: //input[@id='keywords']]
2023-12-20 06:12:239 INFO  HomePage :60 - Enter locationHarrowto location field [[ChromeDriver: chrome on windows (f48ba109aca43478baea7b68c2d0f34c)] -> xpath: //input[@id='location']]
2023-12-20 06:12:353 INFO  HomePage :65 - Select Distance up to 5 milesfrom distance field [[ChromeDriver: chrome on windows (f48ba109aca43478baea7b68c2d0f34c)] -> xpath: //select[@id='distance']]
2023-12-20 06:12:440 INFO  HomePage :70 - Click on search option link[[ChromeDriver: chrome on windows (f48ba109aca43478baea7b68c2d0f34c)] -> xpath: //button[@id='toggle-hp-search']]
2023-12-20 06:12:599 INFO  HomePage :75 - Enter min salary 30000to salary field [[ChromeDriver: chrome on windows (f48ba109aca43478baea7b68c2d0f34c)] -> xpath: //input[@id='salarymin']]
2023-12-20 06:12:774 INFO  HomePage :80 - Enter Max salary500000to salary field [[ChromeDriver: chrome on windows (f48ba109aca43478baea7b68c2d0f34c)] -> xpath: //input[@id='salarymax']]
2023-12-20 06:12:885 INFO  HomePage :85 - Select salary typePer annumfrom dropdown [[ChromeDriver: chrome on windows (f48ba109aca43478baea7b68c2d0f34c)] -> xpath: //select[@id='salarytype']]
2023-12-20 06:12:73 INFO  HomePage :90 - Select job type Permanentfrom dropdown [[ChromeDriver: chrome on windows (f48ba109aca43478baea7b68c2d0f34c)] -> xpath: //select[@id='tempperm']]
2023-12-20 06:12:160 INFO  HomePage :95 - Click on find jobs button [[ChromeDriver: chrome on windows (f48ba109aca43478baea7b68c2d0f34c)] -> xpath: //input[@id='hp-search-btn']]
2023-12-20 06:12:658 INFO  HomePage :55 - EnterJob TitleTesterto job title field [[ChromeDriver: chrome on windows (8c248b4d50fd33930d6c22ef93af04d8)] -> xpath: //input[@id='keywords']]
2023-12-20 06:12:46 INFO  HomePage :60 - Enter locationHarrowto location field [[ChromeDriver: chrome on windows (8c248b4d50fd33930d6c22ef93af04d8)] -> xpath: //input[@id='location']]
2023-12-20 06:12:166 INFO  HomePage :65 - Select Distance up to 5 milesfrom distance field [[ChromeDriver: chrome on windows (8c248b4d50fd33930d6c22ef93af04d8)] -> xpath: //select[@id='distance']]
2023-12-20 06:12:254 INFO  HomePage :70 - Click on search option link[[ChromeDriver: chrome on windows (8c248b4d50fd33930d6c22ef93af04d8)] -> xpath: //button[@id='toggle-hp-search']]
2023-12-20 06:12:402 INFO  HomePage :75 - Enter min salary 30000to salary field [[ChromeDriver: chrome on windows (8c248b4d50fd33930d6c22ef93af04d8)] -> xpath: //input[@id='salarymin']]
2023-12-20 06:12:594 INFO  HomePage :80 - Enter Max salary500000to salary field [[ChromeDriver: chrome on windows (8c248b4d50fd33930d6c22ef93af04d8)] -> xpath: //input[@id='salarymax']]
2023-12-20 06:12:714 INFO  HomePage :85 - Select salary typePer annumfrom dropdown [[ChromeDriver: chrome on windows (8c248b4d50fd33930d6c22ef93af04d8)] -> xpath: //select[@id='salarytype']]
2023-12-20 06:12:883 INFO  HomePage :90 - Select job type Permanentfrom dropdown [[ChromeDriver: chrome on windows (8c248b4d50fd33930d6c22ef93af04d8)] -> xpath: //select[@id='tempperm']]
2023-12-20 06:12:967 INFO  HomePage :95 - Click on find jobs button [[ChromeDriver: chrome on windows (8c248b4d50fd33930d6c22ef93af04d8)] -> xpath: //input[@id='hp-search-btn']]
2023-12-20 06:12:878 INFO  HomePage :55 - EnterJob TitleTesterto job title field [[ChromeDriver: chrome on windows (66a2d398f68ec3b854eba55e7ef96ef3)] -> xpath: //input[@id='keywords']]
2023-12-20 06:12:346 INFO  HomePage :60 - Enter locationHarrowto location field [[ChromeDriver: chrome on windows (66a2d398f68ec3b854eba55e7ef96ef3)] -> xpath: //input[@id='location']]
2023-12-20 06:12:450 INFO  HomePage :65 - Select Distance up to 5 milesfrom distance field [[ChromeDriver: chrome on windows (66a2d398f68ec3b854eba55e7ef96ef3)] -> xpath: //select[@id='distance']]
2023-12-20 06:12:535 INFO  HomePage :70 - Click on search option link[[ChromeDriver: chrome on windows (66a2d398f68ec3b854eba55e7ef96ef3)] -> xpath: //button[@id='toggle-hp-search']]
2023-12-20 06:12:717 INFO  HomePage :75 - Enter min salary 30000to salary field [[ChromeDriver: chrome on windows (66a2d398f68ec3b854eba55e7ef96ef3)] -> xpath: //input[@id='salarymin']]
2023-12-20 06:12:881 INFO  HomePage :80 - Enter Max salary500000to salary field [[ChromeDriver: chrome on windows (66a2d398f68ec3b854eba55e7ef96ef3)] -> xpath: //input[@id='salarymax']]
2023-12-20 06:12:990 INFO  HomePage :85 - Select salary typePer annumfrom dropdown [[ChromeDriver: chrome on windows (66a2d398f68ec3b854eba55e7ef96ef3)] -> xpath: //select[@id='salarytype']]
2023-12-20 06:12:205 INFO  HomePage :90 - Select job type Permanentfrom dropdown [[ChromeDriver: chrome on windows (66a2d398f68ec3b854eba55e7ef96ef3)] -> xpath: //select[@id='tempperm']]
2023-12-20 06:12:294 INFO  HomePage :95 - Click on find jobs button [[ChromeDriver: chrome on windows (66a2d398f68ec3b854eba55e7ef96ef3)] -> xpath: //input[@id='hp-search-btn']]
2023-12-20 06:12:596 INFO  HomePage :55 - EnterJob TitleTesterto job title field [[ChromeDriver: chrome on windows (3fffbf65b12fa00680b9019e4cc2edb7)] -> xpath: //input[@id='keywords']]
2023-12-20 06:12:109 INFO  HomePage :60 - Enter locationHarrowto location field [[ChromeDriver: chrome on windows (3fffbf65b12fa00680b9019e4cc2edb7)] -> xpath: //input[@id='location']]
2023-12-20 06:12:212 INFO  HomePage :65 - Select Distance up to 5 milesfrom distance field [[ChromeDriver: chrome on windows (3fffbf65b12fa00680b9019e4cc2edb7)] -> xpath: //select[@id='distance']]
2023-12-20 06:12:301 INFO  HomePage :70 - Click on search option link[[ChromeDriver: chrome on windows (3fffbf65b12fa00680b9019e4cc2edb7)] -> xpath: //button[@id='toggle-hp-search']]
2023-12-20 06:12:407 INFO  HomePage :75 - Enter min salary 30000to salary field [[ChromeDriver: chrome on windows (3fffbf65b12fa00680b9019e4cc2edb7)] -> xpath: //input[@id='salarymin']]
2023-12-20 06:12:602 INFO  HomePage :80 - Enter Max salary500000to salary field [[ChromeDriver: chrome on windows (3fffbf65b12fa00680b9019e4cc2edb7)] -> xpath: //input[@id='salarymax']]
2023-12-20 06:12:722 INFO  HomePage :85 - Select salary typePer annumfrom dropdown [[ChromeDriver: chrome on windows (3fffbf65b12fa00680b9019e4cc2edb7)] -> xpath: //select[@id='salarytype']]
2023-12-20 06:12:907 INFO  HomePage :90 - Select job type Permanentfrom dropdown [[ChromeDriver: chrome on windows (3fffbf65b12fa00680b9019e4cc2edb7)] -> xpath: //select[@id='tempperm']]
2023-12-20 06:12:996 INFO  HomePage :95 - Click on find jobs button [[ChromeDriver: chrome on windows (3fffbf65b12fa00680b9019e4cc2edb7)] -> xpath: //input[@id='hp-search-btn']]
2023-12-20 06:12:284 INFO  HomePage :55 - EnterJob TitleTesterto job title field [[ChromeDriver: chrome on windows (1a155f42c35e0100e06d47e07d90ce59)] -> xpath: //input[@id='keywords']]
2023-12-20 06:12:844 INFO  HomePage :60 - Enter locationHarrowto location field [[ChromeDriver: chrome on windows (1a155f42c35e0100e06d47e07d90ce59)] -> xpath: //input[@id='location']]
2023-12-20 06:12:946 INFO  HomePage :65 - Select Distance up to 5 milesfrom distance field [[ChromeDriver: chrome on windows (1a155f42c35e0100e06d47e07d90ce59)] -> xpath: //select[@id='distance']]
2023-12-20 06:12:33 INFO  HomePage :70 - Click on search option link[[ChromeDriver: chrome on windows (1a155f42c35e0100e06d47e07d90ce59)] -> xpath: //button[@id='toggle-hp-search']]
2023-12-20 06:12:144 INFO  HomePage :75 - Enter min salary 30000to salary field [[ChromeDriver: chrome on windows (1a155f42c35e0100e06d47e07d90ce59)] -> xpath: //input[@id='salarymin']]
2023-12-20 06:12:348 INFO  HomePage :80 - Enter Max salary500000to salary field [[ChromeDriver: chrome on windows (1a155f42c35e0100e06d47e07d90ce59)] -> xpath: //input[@id='salarymax']]
2023-12-20 06:12:456 INFO  HomePage :85 - Select salary typePer annumfrom dropdown [[ChromeDriver: chrome on windows (1a155f42c35e0100e06d47e07d90ce59)] -> xpath: //select[@id='salarytype']]
2023-12-20 06:12:630 INFO  HomePage :90 - Select job type Permanentfrom dropdown [[ChromeDriver: chrome on windows (1a155f42c35e0100e06d47e07d90ce59)] -> xpath: //select[@id='tempperm']]
2023-12-20 06:12:719 INFO  HomePage :95 - Click on find jobs button [[ChromeDriver: chrome on windows (1a155f42c35e0100e06d47e07d90ce59)] -> xpath: //input[@id='hp-search-btn']]
2023-12-20 07:12:500 INFO  HomePage :55 - EnterJob TitleTesterto job title field [[ChromeDriver: chrome on windows (06a0212016388d009d726d8e183e11b2)] -> xpath: //input[@id='keywords']]
2023-12-20 07:12:853 INFO  HomePage :60 - Enter locationHarrowto location field [[ChromeDriver: chrome on windows (06a0212016388d009d726d8e183e11b2)] -> xpath: //input[@id='location']]
2023-12-20 07:12:976 INFO  HomePage :65 - Select Distance up to 5 milesfrom distance field [[ChromeDriver: chrome on windows (06a0212016388d009d726d8e183e11b2)] -> xpath: //select[@id='distance']]
2023-12-20 07:12:54 INFO  HomePage :70 - Click on search option link[[ChromeDriver: chrome on windows (06a0212016388d009d726d8e183e11b2)] -> xpath: //button[@id='toggle-hp-search']]
2023-12-20 07:12:202 INFO  HomePage :75 - Enter min salary 30000to salary field [[ChromeDriver: chrome on windows (06a0212016388d009d726d8e183e11b2)] -> xpath: //input[@id='salarymin']]
2023-12-20 07:12:368 INFO  HomePage :80 - Enter Max salary500000to salary field [[ChromeDriver: chrome on windows (06a0212016388d009d726d8e183e11b2)] -> xpath: //input[@id='salarymax']]
2023-12-20 07:12:483 INFO  HomePage :85 - Select salary typePer annumfrom dropdown [[ChromeDriver: chrome on windows (06a0212016388d009d726d8e183e11b2)] -> xpath: //select[@id='salarytype']]
2023-12-20 07:12:638 INFO  HomePage :90 - Select job type Permanentfrom dropdown [[ChromeDriver: chrome on windows (06a0212016388d009d726d8e183e11b2)] -> xpath: //select[@id='tempperm']]
2023-12-20 07:12:722 INFO  HomePage :95 - Click on find jobs button [[ChromeDriver: chrome on windows (06a0212016388d009d726d8e183e11b2)] -> xpath: //input[@id='hp-search-btn']]
2023-12-20 07:12:867 INFO  HomePage :55 - EnterJob TitleTesterto job title field [[ChromeDriver: chrome on windows (91ebec3643410cc45bf417f95d8852c9)] -> xpath: //input[@id='keywords']]
2023-12-20 07:12:235 INFO  HomePage :60 - Enter locationHarrowto location field [[ChromeDriver: chrome on windows (91ebec3643410cc45bf417f95d8852c9)] -> xpath: //input[@id='location']]
2023-12-20 07:12:367 INFO  HomePage :65 - Select Distance up to 5 milesfrom distance field [[ChromeDriver: chrome on windows (91ebec3643410cc45bf417f95d8852c9)] -> xpath: //select[@id='distance']]
2023-12-20 07:12:458 INFO  HomePage :70 - Click on search option link[[ChromeDriver: chrome on windows (91ebec3643410cc45bf417f95d8852c9)] -> xpath: //button[@id='toggle-hp-search']]
2023-12-20 07:12:747 INFO  HomePage :75 - Enter min salary 30000to salary field [[ChromeDriver: chrome on windows (91ebec3643410cc45bf417f95d8852c9)] -> xpath: //input[@id='salarymin']]
2023-12-20 07:12:883 INFO  HomePage :80 - Enter Max salary500000to salary field [[ChromeDriver: chrome on windows (91ebec3643410cc45bf417f95d8852c9)] -> xpath: //input[@id='salarymax']]
2023-12-20 07:12:992 INFO  HomePage :85 - Select salary typePer annumfrom dropdown [[ChromeDriver: chrome on windows (91ebec3643410cc45bf417f95d8852c9)] -> xpath: //select[@id='salarytype']]
2023-12-20 07:12:175 INFO  HomePage :90 - Select job type Permanentfrom dropdown [[ChromeDriver: chrome on windows (91ebec3643410cc45bf417f95d8852c9)] -> xpath: //select[@id='tempperm']]
2023-12-20 07:12:272 INFO  HomePage :95 - Click on find jobs button [[ChromeDriver: chrome on windows (91ebec3643410cc45bf417f95d8852c9)] -> xpath: //input[@id='hp-search-btn']]
2023-12-20 07:12:978 INFO  HomePage :55 - EnterJob TitleTesterto job title field [[ChromeDriver: chrome on windows (9081c02d4eae59712ab21c4727113240)] -> xpath: //input[@id='keywords']]
2023-12-20 07:12:474 INFO  HomePage :60 - Enter locationHarrowto location field [[ChromeDriver: chrome on windows (9081c02d4eae59712ab21c4727113240)] -> xpath: //input[@id='location']]
2023-12-20 07:12:577 INFO  HomePage :65 - Select Distance up to 5 milesfrom distance field [[ChromeDriver: chrome on windows (9081c02d4eae59712ab21c4727113240)] -> xpath: //select[@id='distance']]
2023-12-20 07:12:661 INFO  HomePage :70 - Click on search option link[[ChromeDriver: chrome on windows (9081c02d4eae59712ab21c4727113240)] -> xpath: //button[@id='toggle-hp-search']]
2023-12-20 07:12:789 INFO  HomePage :75 - Enter min salary 30000to salary field [[ChromeDriver: chrome on windows (9081c02d4eae59712ab21c4727113240)] -> xpath: //input[@id='salarymin']]
2023-12-20 07:12:989 INFO  HomePage :80 - Enter Max salary500000to salary field [[ChromeDriver: chrome on windows (9081c02d4eae59712ab21c4727113240)] -> xpath: //input[@id='salarymax']]
2023-12-20 07:12:129 INFO  HomePage :85 - Select salary typePer annumfrom dropdown [[ChromeDriver: chrome on windows (9081c02d4eae59712ab21c4727113240)] -> xpath: //select[@id='salarytype']]
2023-12-20 07:12:298 INFO  HomePage :90 - Select job type Permanentfrom dropdown [[ChromeDriver: chrome on windows (9081c02d4eae59712ab21c4727113240)] -> xpath: //select[@id='tempperm']]
2023-12-20 07:12:393 INFO  HomePage :95 - Click on find jobs button [[ChromeDriver: chrome on windows (9081c02d4eae59712ab21c4727113240)] -> xpath: //input[@id='hp-search-btn']]
2023-12-20 07:12:909 INFO  HomePage :55 - EnterJob TitleTesterto job title field [[ChromeDriver: chrome on windows (165c107bc20e28af20d0e5242ef265dd)] -> xpath: //input[@id='keywords']]
2023-12-20 07:12:324 INFO  HomePage :60 - Enter locationHarrowto location field [[ChromeDriver: chrome on windows (165c107bc20e28af20d0e5242ef265dd)] -> xpath: //input[@id='location']]
2023-12-20 07:12:441 INFO  HomePage :65 - Select Distance up to 5 milesfrom distance field [[ChromeDriver: chrome on windows (165c107bc20e28af20d0e5242ef265dd)] -> xpath: //select[@id='distance']]
2023-12-20 07:12:531 INFO  HomePage :70 - Click on search option link[[ChromeDriver: chrome on windows (165c107bc20e28af20d0e5242ef265dd)] -> xpath: //button[@id='toggle-hp-search']]
2023-12-20 07:12:704 INFO  HomePage :75 - Enter min salary 30000to salary field [[ChromeDriver: chrome on windows (165c107bc20e28af20d0e5242ef265dd)] -> xpath: //input[@id='salarymin']]
2023-12-20 07:12:878 INFO  HomePage :80 - Enter Max salary500000to salary field [[ChromeDriver: chrome on windows (165c107bc20e28af20d0e5242ef265dd)] -> xpath: //input[@id='salarymax']]
2023-12-20 07:12:993 INFO  HomePage :85 - Select salary typePer annumfrom dropdown [[ChromeDriver: chrome on windows (165c107bc20e28af20d0e5242ef265dd)] -> xpath: //select[@id='salarytype']]
2023-12-20 07:12:185 INFO  HomePage :90 - Select job type Permanentfrom dropdown [[ChromeDriver: chrome on windows (165c107bc20e28af20d0e5242ef265dd)] -> xpath: //select[@id='tempperm']]
2023-12-20 07:12:286 INFO  HomePage :95 - Click on find jobs button [[ChromeDriver: chrome on windows (165c107bc20e28af20d0e5242ef265dd)] -> xpath: //input[@id='hp-search-btn']]
2023-12-20 07:12:512 INFO  HomePage :55 - EnterJob TitleTesterto job title field [[ChromeDriver: chrome on windows (41e921143b9be5d61cb71690c20db014)] -> xpath: //input[@id='keywords']]
2023-12-20 07:12:25 INFO  HomePage :60 - Enter locationHarrowto location field [[ChromeDriver: chrome on windows (41e921143b9be5d61cb71690c20db014)] -> xpath: //input[@id='location']]
2023-12-20 07:12:129 INFO  HomePage :65 - Select Distance up to 5 milesfrom distance field [[ChromeDriver: chrome on windows (41e921143b9be5d61cb71690c20db014)] -> xpath: //select[@id='distance']]
2023-12-20 07:12:220 INFO  HomePage :70 - Click on search option link[[ChromeDriver: chrome on windows (41e921143b9be5d61cb71690c20db014)] -> xpath: //button[@id='toggle-hp-search']]
2023-12-20 07:12:341 INFO  HomePage :75 - Enter min salary 30000to salary field [[ChromeDriver: chrome on windows (41e921143b9be5d61cb71690c20db014)] -> xpath: //input[@id='salarymin']]
2023-12-20 07:12:635 INFO  HomePage :80 - Enter Max salary500000to salary field [[ChromeDriver: chrome on windows (41e921143b9be5d61cb71690c20db014)] -> xpath: //input[@id='salarymax']]
2023-12-20 07:12:758 INFO  HomePage :85 - Select salary typePer annumfrom dropdown [[ChromeDriver: chrome on windows (41e921143b9be5d61cb71690c20db014)] -> xpath: //select[@id='salarytype']]
2023-12-20 07:12:920 INFO  HomePage :90 - Select job type Permanentfrom dropdown [[ChromeDriver: chrome on windows (41e921143b9be5d61cb71690c20db014)] -> xpath: //select[@id='tempperm']]
2023-12-20 07:12:15 INFO  HomePage :95 - Click on find jobs button [[ChromeDriver: chrome on windows (41e921143b9be5d61cb71690c20db014)] -> xpath: //input[@id='hp-search-btn']]
2023-12-20 07:12:605 INFO  HomePage :55 - EnterJob TitleTesterto job title field [[ChromeDriver: chrome on windows (e1ff2a0e2263fb21b3567f1045d5bd24)] -> xpath: //input[@id='keywords']]
2023-12-20 07:12:988 INFO  HomePage :60 - Enter locationHarrowto location field [[ChromeDriver: chrome on windows (e1ff2a0e2263fb21b3567f1045d5bd24)] -> xpath: //input[@id='location']]
2023-12-20 07:12:88 INFO  HomePage :65 - Select Distance up to 5 milesfrom distance field [[ChromeDriver: chrome on windows (e1ff2a0e2263fb21b3567f1045d5bd24)] -> xpath: //select[@id='distance']]
2023-12-20 07:12:182 INFO  HomePage :70 - Click on search option link[[ChromeDriver: chrome on windows (e1ff2a0e2263fb21b3567f1045d5bd24)] -> xpath: //button[@id='toggle-hp-search']]
2023-12-20 07:12:479 INFO  HomePage :75 - Enter min salary 30000to salary field [[ChromeDriver: chrome on windows (e1ff2a0e2263fb21b3567f1045d5bd24)] -> xpath: //input[@id='salarymin']]
2023-12-20 07:12:607 INFO  HomePage :80 - Enter Max salary500000to salary field [[ChromeDriver: chrome on windows (e1ff2a0e2263fb21b3567f1045d5bd24)] -> xpath: //input[@id='salarymax']]
2023-12-20 07:12:729 INFO  HomePage :85 - Select salary typePer annumfrom dropdown [[ChromeDriver: chrome on windows (e1ff2a0e2263fb21b3567f1045d5bd24)] -> xpath: //select[@id='salarytype']]
2023-12-20 07:12:892 INFO  HomePage :90 - Select job type Permanentfrom dropdown [[ChromeDriver: chrome on windows (e1ff2a0e2263fb21b3567f1045d5bd24)] -> xpath: //select[@id='tempperm']]
2023-12-20 07:12:988 INFO  HomePage :95 - Click on find jobs button [[ChromeDriver: chrome on windows (e1ff2a0e2263fb21b3567f1045d5bd24)] -> xpath: //input[@id='hp-search-btn']]
2023-12-20 07:12:928 INFO  HomePage :55 - EnterJob TitleTesterto job title field [[ChromeDriver: chrome on windows (842f1e940a3d406b08268afa63971f7c)] -> xpath: //input[@id='keywords']]
2023-12-20 07:12:334 INFO  HomePage :60 - Enter locationHarrowto location field [[ChromeDriver: chrome on windows (842f1e940a3d406b08268afa63971f7c)] -> xpath: //input[@id='location']]
2023-12-20 07:12:437 INFO  HomePage :65 - Select Distance up to 5 milesfrom distance field [[ChromeDriver: chrome on windows (842f1e940a3d406b08268afa63971f7c)] -> xpath: //select[@id='distance']]
2023-12-20 07:12:532 INFO  HomePage :70 - Click on search option link[[ChromeDriver: chrome on windows (842f1e940a3d406b08268afa63971f7c)] -> xpath: //button[@id='toggle-hp-search']]
2023-12-20 07:12:672 INFO  HomePage :75 - Enter min salary 30000to salary field [[ChromeDriver: chrome on windows (842f1e940a3d406b08268afa63971f7c)] -> xpath: //input[@id='salarymin']]
2023-12-20 07:12:885 INFO  HomePage :80 - Enter Max salary500000to salary field [[ChromeDriver: chrome on windows (842f1e940a3d406b08268afa63971f7c)] -> xpath: //input[@id='salarymax']]
2023-12-20 07:12:12 INFO  HomePage :85 - Select salary typePer annumfrom dropdown [[ChromeDriver: chrome on windows (842f1e940a3d406b08268afa63971f7c)] -> xpath: //select[@id='salarytype']]
2023-12-20 07:12:227 INFO  HomePage :90 - Select job type Permanentfrom dropdown [[ChromeDriver: chrome on windows (842f1e940a3d406b08268afa63971f7c)] -> xpath: //select[@id='tempperm']]
2023-12-20 07:12:328 INFO  HomePage :95 - Click on find jobs button [[ChromeDriver: chrome on windows (842f1e940a3d406b08268afa63971f7c)] -> xpath: //input[@id='hp-search-btn']]
2023-12-20 07:12:160 INFO  HomePage :55 - EnterJob TitleTesterto job title field [[ChromeDriver: chrome on windows (d9bd37e51988fc7542d8e9bfbbc1fad6)] -> xpath: //input[@id='keywords']]
2023-12-20 07:12:573 INFO  HomePage :60 - Enter locationHarrowto location field [[ChromeDriver: chrome on windows (d9bd37e51988fc7542d8e9bfbbc1fad6)] -> xpath: //input[@id='location']]
2023-12-20 07:12:702 INFO  HomePage :65 - Select Distance up to 5 milesfrom distance field [[ChromeDriver: chrome on windows (d9bd37e51988fc7542d8e9bfbbc1fad6)] -> xpath: //select[@id='distance']]
2023-12-20 07:12:800 INFO  HomePage :70 - Click on search option link[[ChromeDriver: chrome on windows (d9bd37e51988fc7542d8e9bfbbc1fad6)] -> xpath: //button[@id='toggle-hp-search']]
2023-12-20 07:12:949 INFO  HomePage :75 - Enter min salary 30000to salary field [[ChromeDriver: chrome on windows (d9bd37e51988fc7542d8e9bfbbc1fad6)] -> xpath: //input[@id='salarymin']]
2023-12-20 07:12:172 INFO  HomePage :80 - Enter Max salary500000to salary field [[ChromeDriver: chrome on windows (d9bd37e51988fc7542d8e9bfbbc1fad6)] -> xpath: //input[@id='salarymax']]
2023-12-20 07:12:281 INFO  HomePage :85 - Select salary typePer annumfrom dropdown [[ChromeDriver: chrome on windows (d9bd37e51988fc7542d8e9bfbbc1fad6)] -> xpath: //select[@id='salarytype']]
2023-12-20 07:12:448 INFO  HomePage :90 - Select job type Permanentfrom dropdown [[ChromeDriver: chrome on windows (d9bd37e51988fc7542d8e9bfbbc1fad6)] -> xpath: //select[@id='tempperm']]
2023-12-20 07:12:548 INFO  HomePage :95 - Click on find jobs button [[ChromeDriver: chrome on windows (d9bd37e51988fc7542d8e9bfbbc1fad6)] -> xpath: //input[@id='hp-search-btn']]
2023-12-20 07:12:937 INFO  HomePage :55 - EnterJob TitleTesterto job title field [[ChromeDriver: chrome on windows (6ba4167d25ad659711f1b7069352bb52)] -> xpath: //input[@id='keywords']]
2023-12-20 07:12:485 INFO  HomePage :60 - Enter locationHarrowto location field [[ChromeDriver: chrome on windows (6ba4167d25ad659711f1b7069352bb52)] -> xpath: //input[@id='location']]
2023-12-20 07:12:585 INFO  HomePage :65 - Select Distance up to 5 milesfrom distance field [[ChromeDriver: chrome on windows (6ba4167d25ad659711f1b7069352bb52)] -> xpath: //select[@id='distance']]
2023-12-20 07:12:678 INFO  HomePage :70 - Click on search option link[[ChromeDriver: chrome on windows (6ba4167d25ad659711f1b7069352bb52)] -> xpath: //button[@id='toggle-hp-search']]
2023-12-20 07:12:922 INFO  HomePage :75 - Enter min salary 30000to salary field [[ChromeDriver: chrome on windows (6ba4167d25ad659711f1b7069352bb52)] -> xpath: //input[@id='salarymin']]
2023-12-20 07:12:97 INFO  HomePage :80 - Enter Max salary500000to salary field [[ChromeDriver: chrome on windows (6ba4167d25ad659711f1b7069352bb52)] -> xpath: //input[@id='salarymax']]
2023-12-20 07:12:210 INFO  HomePage :85 - Select salary typePer annumfrom dropdown [[ChromeDriver: chrome on windows (6ba4167d25ad659711f1b7069352bb52)] -> xpath: //select[@id='salarytype']]
2023-12-20 07:12:392 INFO  HomePage :90 - Select job type Permanentfrom dropdown [[ChromeDriver: chrome on windows (6ba4167d25ad659711f1b7069352bb52)] -> xpath: //select[@id='tempperm']]
2023-12-20 07:12:505 INFO  HomePage :95 - Click on find jobs button [[ChromeDriver: chrome on windows (6ba4167d25ad659711f1b7069352bb52)] -> xpath: //input[@id='hp-search-btn']]
2023-12-20 07:12:603 INFO  HomePage :55 - EnterJob TitleTesterto job title field [[ChromeDriver: chrome on windows (021f214242faeafd723128d7f675d888)] -> xpath: //input[@id='keywords']]
2023-12-20 07:12:143 INFO  HomePage :60 - Enter locationHarrowto location field [[ChromeDriver: chrome on windows (021f214242faeafd723128d7f675d888)] -> xpath: //input[@id='location']]
2023-12-20 07:12:247 INFO  HomePage :65 - Select Distance up to 5 milesfrom distance field [[ChromeDriver: chrome on windows (021f214242faeafd723128d7f675d888)] -> xpath: //select[@id='distance']]
2023-12-20 07:12:338 INFO  HomePage :70 - Click on search option link[[ChromeDriver: chrome on windows (021f214242faeafd723128d7f675d888)] -> xpath: //button[@id='toggle-hp-search']]
2023-12-20 07:12:452 INFO  HomePage :75 - Enter min salary 30000to salary field [[ChromeDriver: chrome on windows (021f214242faeafd723128d7f675d888)] -> xpath: //input[@id='salarymin']]
2023-12-20 07:12:645 INFO  HomePage :80 - Enter Max salary500000to salary field [[ChromeDriver: chrome on windows (021f214242faeafd723128d7f675d888)] -> xpath: //input[@id='salarymax']]
2023-12-20 07:12:758 INFO  HomePage :85 - Select salary typePer annumfrom dropdown [[ChromeDriver: chrome on windows (021f214242faeafd723128d7f675d888)] -> xpath: //select[@id='salarytype']]
2023-12-20 07:12:931 INFO  HomePage :90 - Select job type Permanentfrom dropdown [[ChromeDriver: chrome on windows (021f214242faeafd723128d7f675d888)] -> xpath: //select[@id='tempperm']]
2023-12-20 07:12:15 INFO  HomePage :95 - Click on find jobs button [[ChromeDriver: chrome on windows (021f214242faeafd723128d7f675d888)] -> xpath: //input[@id='hp-search-btn']]
2023-12-20 07:12:780 INFO  HomePage :54 - EnterJob TitleTesterto job title field [[ChromeDriver: chrome on windows (5ba04dc4be5a090d41c8a41c19a184fc)] -> xpath: //input[@id='keywords']]
2023-12-20 07:12:236 INFO  HomePage :59 - Enter locationHarrowto location field [[ChromeDriver: chrome on windows (5ba04dc4be5a090d41c8a41c19a184fc)] -> xpath: //input[@id='location']]
2023-12-20 07:12:352 INFO  HomePage :64 - Select Distance up to 5 milesfrom distance field [[ChromeDriver: chrome on windows (5ba04dc4be5a090d41c8a41c19a184fc)] -> xpath: //select[@id='distance']]
2023-12-20 07:12:437 INFO  HomePage :69 - Click on search option link[[ChromeDriver: chrome on windows (5ba04dc4be5a090d41c8a41c19a184fc)] -> xpath: //button[@id='toggle-hp-search']]
2023-12-20 07:12:615 INFO  HomePage :74 - Enter min salary 30000to salary field [[ChromeDriver: chrome on windows (5ba04dc4be5a090d41c8a41c19a184fc)] -> xpath: //input[@id='salarymin']]
2023-12-20 07:12:794 INFO  HomePage :79 - Enter Max salary500000to salary field [[ChromeDriver: chrome on windows (5ba04dc4be5a090d41c8a41c19a184fc)] -> xpath: //input[@id='salarymax']]
2023-12-20 07:12:907 INFO  HomePage :84 - Select salary typePer annumfrom dropdown [[ChromeDriver: chrome on windows (5ba04dc4be5a090d41c8a41c19a184fc)] -> xpath: //select[@id='salarytype']]
2023-12-20 07:12:94 INFO  HomePage :89 - Select job type Permanentfrom dropdown [[ChromeDriver: chrome on windows (5ba04dc4be5a090d41c8a41c19a184fc)] -> xpath: //select[@id='tempperm']]
2023-12-20 07:12:202 INFO  HomePage :94 - Click on find jobs button [[ChromeDriver: chrome on windows (5ba04dc4be5a090d41c8a41c19a184fc)] -> xpath: //input[@id='hp-search-btn']]
2023-12-20 07:12:188 INFO  HomePage :54 - EnterJob TitleAutomation Testerto job title field [[ChromeDriver: chrome on windows (89712b75fcfebbd24332f846cbef95b5)] -> xpath: //input[@id='keywords']]
2023-12-20 07:12:641 INFO  HomePage :59 - Enter locationLondonto location field [[ChromeDriver: chrome on windows (89712b75fcfebbd24332f846cbef95b5)] -> xpath: //input[@id='location']]
2023-12-20 07:12:756 INFO  HomePage :64 - Select Distance up to 15 milesfrom distance field [[ChromeDriver: chrome on windows (89712b75fcfebbd24332f846cbef95b5)] -> xpath: //select[@id='distance']]
2023-12-20 07:12:843 INFO  HomePage :69 - Click on search option link[[ChromeDriver: chrome on windows (89712b75fcfebbd24332f846cbef95b5)] -> xpath: //button[@id='toggle-hp-search']]
2023-12-20 07:12:21 INFO  HomePage :74 - Enter min salary 5000to salary field [[ChromeDriver: chrome on windows (89712b75fcfebbd24332f846cbef95b5)] -> xpath: //input[@id='salarymin']]
2023-12-20 07:12:232 INFO  HomePage :79 - Enter Max salary9500to salary field [[ChromeDriver: chrome on windows (89712b75fcfebbd24332f846cbef95b5)] -> xpath: //input[@id='salarymax']]
2023-12-20 07:12:326 INFO  HomePage :84 - Select salary typePer monthfrom dropdown [[ChromeDriver: chrome on windows (89712b75fcfebbd24332f846cbef95b5)] -> xpath: //select[@id='salarytype']]
2023-12-20 07:12:493 INFO  HomePage :89 - Select job type Permanentfrom dropdown [[ChromeDriver: chrome on windows (89712b75fcfebbd24332f846cbef95b5)] -> xpath: //select[@id='tempperm']]
2023-12-20 07:12:594 INFO  HomePage :94 - Click on find jobs button [[ChromeDriver: chrome on windows (89712b75fcfebbd24332f846cbef95b5)] -> xpath: //input[@id='hp-search-btn']]
2023-12-20 07:12:58 INFO  HomePage :54 - EnterJob TitleProject Managerto job title field [[ChromeDriver: chrome on windows (4f26d92909fb5d8ac019df71ce8a40f2)] -> xpath: //input[@id='keywords']]
2023-12-20 07:12:390 INFO  HomePage :59 - Enter locationLeedsto location field [[ChromeDriver: chrome on windows (4f26d92909fb5d8ac019df71ce8a40f2)] -> xpath: //input[@id='location']]
2023-12-20 07:12:513 INFO  HomePage :64 - Select Distance up to 7 milesfrom distance field [[ChromeDriver: chrome on windows (4f26d92909fb5d8ac019df71ce8a40f2)] -> xpath: //select[@id='distance']]
2023-12-20 07:12:593 INFO  HomePage :69 - Click on search option link[[ChromeDriver: chrome on windows (4f26d92909fb5d8ac019df71ce8a40f2)] -> xpath: //button[@id='toggle-hp-search']]
2023-12-20 07:12:18 INFO  HomePage :74 - Enter min salary 300to salary field [[ChromeDriver: chrome on windows (4f26d92909fb5d8ac019df71ce8a40f2)] -> xpath: //input[@id='salarymin']]
2023-12-20 07:12:168 INFO  HomePage :79 - Enter Max salary950to salary field [[ChromeDriver: chrome on windows (4f26d92909fb5d8ac019df71ce8a40f2)] -> xpath: //input[@id='salarymax']]
2023-12-20 07:12:264 INFO  HomePage :84 - Select salary typePer dayfrom dropdown [[ChromeDriver: chrome on windows (4f26d92909fb5d8ac019df71ce8a40f2)] -> xpath: //select[@id='salarytype']]
2023-12-20 07:12:417 INFO  HomePage :89 - Select job type Contractfrom dropdown [[ChromeDriver: chrome on windows (4f26d92909fb5d8ac019df71ce8a40f2)] -> xpath: //select[@id='tempperm']]
2023-12-20 07:12:523 INFO  HomePage :94 - Click on find jobs button [[ChromeDriver: chrome on windows (4f26d92909fb5d8ac019df71ce8a40f2)] -> xpath: //input[@id='hp-search-btn']]
