2023-12-19 23:12:65 INFO  HomePage :48 - Mouse hover on “Desktops” and click [[ChromeDriver: chrome on windows (cf3a35329b73fab83e42d9352217990b)] -> xpath: //ul[@class='nav navbar-nav']/li[1]/a]
2023-12-19 23:12:477 INFO  HomePage :63 - Click on Show All Desktops [[ChromeDriver: chrome on windows (cf3a35329b73fab83e42d9352217990b)] -> link text: Show AllDesktops]
2023-12-19 23:12:516 INFO  HomePage :53 - Mouse hover on “Laptops & Notebooks” and click [[ChromeDriver: chrome on windows (b336d510d5d4ac0cc0f9a943b85e662d)] -> xpath: //ul[@class='nav navbar-nav']/li[2]/a]
2023-12-19 23:12:609 INFO  HomePage :68 - Click on Show All LaptopAndNotebooks [[ChromeDriver: chrome on windows (b336d510d5d4ac0cc0f9a943b85e662d)] -> link text: Show AllLaptops & Notebooks]
2023-12-19 23:12:860 INFO  HomePage :58 -  Mouse hover on “Components” and click [[ChromeDriver: chrome on windows (796565b8e9405f8da454b81b0017db35)] -> xpath: //ul[@class='nav navbar-nav']/li[3]/a]
2023-12-19 23:12:509 INFO  HomePage :73 - Click on Show All ShowAllComponents [[ChromeDriver: chrome on windows (796565b8e9405f8da454b81b0017db35)] -> link text: Show AllComponents]
2023-12-20 12:12:920 INFO  HomePage :48 - Mouse hover on “Desktops” and click [[ChromeDriver: chrome on windows (4312765787d9f50db93aee4f9aad224b)] -> xpath: //ul[@class='nav navbar-nav']/li[1]/a]
2023-12-20 12:12:962 INFO  HomePage :63 - Click on Show All Desktops [[ChromeDriver: chrome on windows (4312765787d9f50db93aee4f9aad224b)] -> link text: Show AllDesktops]
2023-12-20 12:12:978 INFO  HomePage :48 - Mouse hover on “Desktops” and click [[ChromeDriver: chrome on windows (6be176ba1f2d0aa8eeab9302e0e96d7b)] -> xpath: //ul[@class='nav navbar-nav']/li[1]/a]
2023-12-20 12:12:613 INFO  HomePage :63 - Click on Show All Desktops [[ChromeDriver: chrome on windows (6be176ba1f2d0aa8eeab9302e0e96d7b)] -> link text: Show AllDesktops]
2023-12-20 12:12:194 INFO  HomePage :48 - Mouse hover on “Desktops” and click [[ChromeDriver: chrome on windows (1a2aaf47efb1dc74feced35828a283ec)] -> xpath: //ul[@class='nav navbar-nav']/li[1]/a]
2023-12-20 12:12:750 INFO  HomePage :63 - Click on Show All Desktops [[ChromeDriver: chrome on windows (1a2aaf47efb1dc74feced35828a283ec)] -> link text: Show AllDesktops]
2023-12-20 12:12:364 INFO  HomePage :48 - Mouse hover on “Desktops” and click [[ChromeDriver: chrome on windows (eab3d2762f4229e8062953d6fba873ec)] -> xpath: //ul[@class='nav navbar-nav']/li[1]/a]
2023-12-20 12:12:945 INFO  HomePage :63 - Click on Show All Desktops [[ChromeDriver: chrome on windows (eab3d2762f4229e8062953d6fba873ec)] -> link text: Show AllDesktops]
2023-12-20 13:12:905 INFO  HomePage :48 - Mouse hover on “Desktops” and click [[ChromeDriver: chrome on windows (8221f57d134313195d97dd9d678b93f2)] -> xpath: //ul[@class='nav navbar-nav']/li[1]/a]
2023-12-20 13:12:555 INFO  HomePage :63 - Click on Show All Desktops [[ChromeDriver: chrome on windows (8221f57d134313195d97dd9d678b93f2)] -> link text: Show AllDesktops]
2023-12-20 13:12:896 INFO  HomePage :48 - Mouse hover on “Desktops” and click [[ChromeDriver: chrome on windows (ccfad06a6427bff3cc0fa9b547540766)] -> xpath: //ul[@class='nav navbar-nav']/li[1]/a]
2023-12-20 13:12:566 INFO  HomePage :63 - Click on Show All Desktops [[ChromeDriver: chrome on windows (ccfad06a6427bff3cc0fa9b547540766)] -> link text: Show AllDesktops]
2023-12-20 13:12:20 INFO  HomePage :48 - Mouse hover on “Desktops” and click [[ChromeDriver: chrome on windows (a9f6e127ad83af09e33d2488b97e0fef)] -> xpath: //ul[@class='nav navbar-nav']/li[1]/a]
2023-12-20 13:12:611 INFO  HomePage :63 - Click on Show All Desktops [[ChromeDriver: chrome on windows (a9f6e127ad83af09e33d2488b97e0fef)] -> link text: Show AllDesktops]
2023-12-20 13:12:955 INFO  HomePage :48 - Mouse hover on “Desktops” and click [[ChromeDriver: chrome on windows (f6403f02349bbe496efe9e39d3122f91)] -> xpath: //ul[@class='nav navbar-nav']/li[1]/a]
2023-12-20 13:12:603 INFO  HomePage :63 - Click on Show All Desktops [[ChromeDriver: chrome on windows (f6403f02349bbe496efe9e39d3122f91)] -> link text: Show AllDesktops]
2023-12-20 13:12:107 INFO  HomePage :48 - Mouse hover on “Desktops” and click [[ChromeDriver: chrome on windows (d28079171fc91d0334722ef59113e8e5)] -> xpath: //ul[@class='nav navbar-nav']/li[1]/a]
2023-12-20 13:12:762 INFO  HomePage :63 - Click on Show All Desktops [[ChromeDriver: chrome on windows (d28079171fc91d0334722ef59113e8e5)] -> link text: Show AllDesktops]
2023-12-20 13:12:664 INFO  HomePage :48 - Mouse hover on “Desktops” and click [[ChromeDriver: chrome on windows (ff49a4dcd708162263a9e3bdcbc9f11c)] -> xpath: //ul[@class='nav navbar-nav']/li[1]/a]
2023-12-20 13:12:222 INFO  HomePage :63 - Click on Show All Desktops [[ChromeDriver: chrome on windows (ff49a4dcd708162263a9e3bdcbc9f11c)] -> link text: Show AllDesktops]
